  Map.cpp
  MapAUD.cpp
C:\Users\SG\source\repos\KevinSchusterHKA\SS25_HotelKingDynamic\LookUp.h(10,23): warning C4305: 'initializing': truncation from 'double' to 'float'
  (compiling source file 'Map.cpp')
  
C:\Users\SG\source\repos\KevinSchusterHKA\SS25_HotelKingDynamic\Space.h(83,11): warning C4267: 'initializing': conversion from 'size_t' to 'int', possible loss of data
  (compiling source file 'Map.cpp')
  
C:\Users\SG\source\repos\KevinSchusterHKA\SS25_HotelKingDynamic\Space.h(126,30): warning C4267: '=': conversion from 'size_t' to 'int', possible loss of data
  (compiling source file 'Map.cpp')
  
C:\Users\SG\source\repos\KevinSchusterHKA\SS25_HotelKingDynamic\Space.h(320,20): warning C4244: '*=': conversion from 'float' to 'int', possible loss of data
  (compiling source file 'Map.cpp')
  
C:\Users\SG\source\repos\KevinSchusterHKA\SS25_HotelKingDynamic\LookUp.h(10,23): warning C4305: 'initializing': truncation from 'double' to 'float'
  (compiling source file 'MapAUD.cpp')
  
C:\Users\SG\source\repos\KevinSchusterHKA\SS25_HotelKingDynamic\Space.h(83,11): warning C4267: 'initializing': conversion from 'size_t' to 'int', possible loss of data
  (compiling source file 'MapAUD.cpp')
  
C:\Users\SG\source\repos\KevinSchusterHKA\SS25_HotelKingDynamic\Space.h(126,30): warning C4267: '=': conversion from 'size_t' to 'int', possible loss of data
  (compiling source file 'MapAUD.cpp')
  
C:\Users\SG\source\repos\KevinSchusterHKA\SS25_HotelKingDynamic\Space.h(320,20): warning C4244: '*=': conversion from 'float' to 'int', possible loss of data
  (compiling source file 'MapAUD.cpp')
  
  MapReturnObj.cpp
  Space.cpp
C:\Users\SG\source\repos\KevinSchusterHKA\SS25_HotelKingDynamic\LookUp.h(10,23): warning C4305: 'initializing': truncation from 'double' to 'float'
  (compiling source file 'Space.cpp')
  
C:\Users\SG\source\repos\KevinSchusterHKA\SS25_HotelKingDynamic\Space.h(83,11): warning C4267: 'initializing': conversion from 'size_t' to 'int', possible loss of data
  (compiling source file 'Space.cpp')
  
C:\Users\SG\source\repos\KevinSchusterHKA\SS25_HotelKingDynamic\Space.h(126,30): warning C4267: '=': conversion from 'size_t' to 'int', possible loss of data
  (compiling source file 'Space.cpp')
  
C:\Users\SG\source\repos\KevinSchusterHKA\SS25_HotelKingDynamic\Space.h(320,20): warning C4244: '*=': conversion from 'float' to 'int', possible loss of data
  (compiling source file 'Space.cpp')
  
  SpaceConfig.cpp
  Generating Code...
  MapAUD.vcxproj -> C:\Users\SG\source\repos\KevinSchusterHKA\SS25_HotelKingDynamic\x64\Debug\MapAUD.exe
